\BOOKMARK [1][-]{section.1}{\376\377\173\054\116\000\230\230}{}% 1
\BOOKMARK [2][-]{subsection.1.1}{\376\377\133\236\232\214\166\356\166\204\124\214\121\205\133\271}{section.1}% 2
\BOOKMARK [3][-]{subsubsection.1.1.1}{\376\377\230\230\166\356\143\317\217\360}{subsection.1.1}% 3
\BOOKMARK [2][-]{subsection.1.2}{\376\377\217\223\121\145\124\214\217\223\121\372\213\364\146\016}{section.1}% 4
\BOOKMARK [3][-]{subsubsection.1.2.1}{\376\377\217\223\121\145}{subsection.1.2}% 5
\BOOKMARK [3][-]{subsubsection.1.2.2}{\376\377\217\223\121\372}{subsection.1.2}% 6
\BOOKMARK [3][-]{subsubsection.1.2.3}{\376\377\150\067\117\213}{subsection.1.2}% 7
\BOOKMARK [3][-]{subsubsection.1.2.4}{\376\377\225\356\230\230\122\006\147\220}{subsection.1.2}% 8
\BOOKMARK [2][-]{subsection.1.3}{\376\377\211\343\230\230\140\035\215\357}{section.1}% 9
\BOOKMARK [2][-]{subsection.1.4}{\376\377\133\236\232\214\116\343\170\001\123\312\154\350\221\312}{section.1}% 10
\BOOKMARK [3][-]{subsubsection.1.4.1}{\376\377\123\314\124\021\224\376\210\150\162\110}{subsection.1.4}% 11
\BOOKMARK [3][-]{subsubsection.1.4.2}{\376\377\123\314\124\021\137\252\163\257\224\376\210\150\162\110\377\010\147\052\220\032\217\307\155\113\213\325\377\011}{subsection.1.4}% 12
\BOOKMARK [2][-]{subsection.1.5}{\376\377\217\320\210\114\176\323\147\234\142\052\126\376}{section.1}% 13
\BOOKMARK [2][-]{subsection.1.6}{\376\377\173\227\154\325\145\366\225\364\131\015\147\102\136\246}{section.1}% 14
\BOOKMARK [2][-]{subsection.1.7}{\376\377\140\073\176\323\117\123\117\032}{section.1}% 15
\BOOKMARK [1][-]{section.2}{\376\377\173\054\116\214\230\230}{}% 16
\BOOKMARK [2][-]{subsection.2.1}{\376\377\133\236\232\214\166\356\166\204\124\214\121\205\133\271}{section.2}% 17
\BOOKMARK [2][-]{subsection.2.2}{\376\377\217\223\121\145\124\214\217\223\121\372\213\364\146\016}{section.2}% 18
\BOOKMARK [3][-]{subsubsection.2.2.1}{\376\377\217\223\121\145}{subsection.2.2}% 19
\BOOKMARK [3][-]{subsubsection.2.2.2}{\376\377\217\223\121\372}{subsection.2.2}% 20
\BOOKMARK [3][-]{subsubsection.2.2.3}{\376\377\150\067\117\213}{subsection.2.2}% 21
\BOOKMARK [2][-]{subsection.2.3}{\376\377\211\343\230\230\140\035\215\357}{section.2}% 22
\BOOKMARK [2][-]{subsection.2.4}{\376\377\133\236\232\214\116\343\170\001\123\312\154\350\221\312}{section.2}% 23
\BOOKMARK [2][-]{subsection.2.5}{\376\377\217\320\210\114\176\323\147\234\142\052\126\376}{section.2}% 24
\BOOKMARK [2][-]{subsection.2.6}{\376\377\140\073\176\323\117\123\117\032}{section.2}% 25
\BOOKMARK [1][-]{appendix.A}{\376\377\116\015\165\050\224\376\210\150\166\204\000z\000u\000m\000a\133\236\163\260}{}% 26
