\BOOKMARK [1][-]{section.1}{\376\377\000b\000i\000l\000l\000b\000o\000a\000r\000d}{}% 1
\BOOKMARK [2][-]{subsection.1.1}{\376\377\116\373\122\241\122\006\147\220\123\312\121\166\140\035\215\357}{section.1}% 2
\BOOKMARK [2][-]{subsection.1.2}{\376\377\170\154\116\366\213\276\213\241\122\006\147\220}{section.1}% 3
\BOOKMARK [3][-]{subsubsection.1.2.1}{\376\377\0007\0004\000H\000C\0005\0009\0005}{subsection.1.2}% 4
\BOOKMARK [3][-]{subsubsection.1.2.2}{\376\377\116\055\145\255}{subsection.1.2}% 5
\BOOKMARK [2][-]{subsection.1.3}{\376\377\217\157\116\366\213\276\213\241\122\006\147\220}{section.1}% 6
\BOOKMARK [3][-]{subsubsection.1.3.1}{\376\377\124\021\0007\0004\000H\000C\0005\0009\0005\217\223\220\001\145\160\143\156}{subsection.1.3}% 7
\BOOKMARK [3][-]{subsubsection.1.3.2}{\376\377\156\332\122\250\146\076\171\072}{subsection.1.3}% 8
\BOOKMARK [3][-]{subsubsection.1.3.3}{\376\377\116\055\145\255\121\375\145\160}{subsection.1.3}% 9
\BOOKMARK [3][-]{subsubsection.1.3.4}{\376\377\217\157\116\366\213\276\213\241\155\101\172\013\126\376}{subsection.1.3}% 10
\BOOKMARK [2][-]{subsection.1.4}{\376\377\213\260\137\125}{section.1}% 11
\BOOKMARK [1][-]{section.2}{\376\377\000b\000a\000c\000k\000g\000r\000o\000u\000n\000d\000\040\000m\000u\000s\000i\000c}{}% 12
\BOOKMARK [2][-]{subsection.2.1}{\376\377\151\202\217\360}{section.2}% 13
\BOOKMARK [2][-]{subsection.2.2}{\376\377\170\154\116\366\213\276\213\241}{section.2}% 14
\BOOKMARK [3][-]{subsubsection.2.2.1}{\376\377\000A\000T\0008\0009\000C\0005\0001}{subsection.2.2}% 15
\BOOKMARK [3][-]{subsubsection.2.2.2}{\376\377\0007\0004\000H\000C\0001\0001}{subsection.2.2}% 16
\BOOKMARK [3][-]{subsubsection.2.2.3}{\376\377\116\011\147\201\173\241\116\016\125\207\123\355}{subsection.2.2}% 17
\BOOKMARK [2][-]{subsection.2.3}{\376\377\217\157\116\366\213\276\213\241}{section.2}% 18
\BOOKMARK [3][-]{subsubsection.2.3.1}{\376\377\136\366\145\366\121\375\145\160}{subsection.2.3}% 19
\BOOKMARK [3][-]{subsubsection.2.3.2}{\376\377\227\363\226\066\144\255\145\076\121\375\145\160}{subsection.2.3}% 20
\BOOKMARK [3][-]{subsubsection.2.3.3}{\376\377\116\055\145\255}{subsection.2.3}% 21
\BOOKMARK [3][-]{subsubsection.2.3.4}{\376\377\155\101\172\013\126\376}{subsection.2.3}% 22
\BOOKMARK [2][-]{subsection.2.4}{\376\377\213\260\137\125}{section.2}% 23
\BOOKMARK [1][-]{section.3}{\376\377\000e\000a\000t\000i\000n\000g\000\040\000s\000n\000a\000k\000e}{}% 24
\BOOKMARK [2][-]{subsection.3.1}{\376\377\151\202\217\360}{section.3}% 25
\BOOKMARK [2][-]{subsection.3.2}{\376\377\170\154\116\366\213\276\213\241}{section.3}% 26
\BOOKMARK [3][-]{subsubsection.3.2.1}{\376\377\0008\000*\0008\000L\000E\000D\167\351\226\065\165\065\215\357}{subsection.3.2}% 27
\BOOKMARK [3][-]{subsubsection.3.2.2}{\376\377\143\011\225\056\165\065\215\357}{subsection.3.2}% 28
\BOOKMARK [2][-]{subsection.3.3}{\376\377\217\157\116\366\213\276\213\241}{section.3}% 29
\BOOKMARK [3][-]{subsubsection.3.3.1}{\376\377\165\050\145\160\176\304\210\150\171\072\117\115\177\156}{subsection.3.3}% 30
\BOOKMARK [3][-]{subsubsection.3.3.2}{\376\377\122\044\145\255\176\323\147\137}{subsection.3.3}% 31
\BOOKMARK [3][-]{subsubsection.3.3.3}{\376\377\145\271\124\021\131\004\164\006}{subsection.3.3}% 32
\BOOKMARK [3][-]{subsubsection.3.3.4}{\376\377\122\044\145\255\124\003\122\060\116\206\147\234\133\120}{subsection.3.3}% 33
\BOOKMARK [3][-]{subsubsection.3.3.5}{\376\377\155\101\172\013\126\376}{subsection.3.3}% 34
\BOOKMARK [2][-]{subsection.3.4}{\376\377\213\260\137\125}{section.3}% 35
\BOOKMARK [1][-]{section.4}{\376\377\142\100\147\011\133\236\163\260\166\204\142\020\147\234}{}% 36
\BOOKMARK [1][-]{appendix.A}{\376\377\000b\000i\000l\000l\000b\000o\000a\000r\000d\116\343\170\001}{}% 37
\BOOKMARK [1][-]{appendix.B}{\376\377\000b\000a\000c\000k\000g\000r\000o\000u\000n\000d\000\040\000m\000u\000s\000i\000c\116\343\170\001}{}% 38
\BOOKMARK [1][-]{appendix.C}{\376\377\000e\000a\000t\000i\000n\000g\000\040\000s\000n\000a\000k\000e\116\343\170\001}{}% 39
\BOOKMARK [1][-]{appendix.D}{\376\377\000p\000r\000o\000t\000e\000u\000s\116\377\167\037\126\376}{}% 40
\BOOKMARK [2][-]{subsection.D.1}{\376\377\000b\000i\000l\000l\000b\000o\000a\000r\000d}{appendix.D}% 41
\BOOKMARK [2][-]{subsection.D.2}{\376\377\000b\000a\000c\000k\000g\000r\000o\000u\000n\000d\000\040\000m\000u\000s\000i\000c}{appendix.D}% 42
\BOOKMARK [2][-]{subsection.D.3}{\376\377\000e\000a\000t\000i\000n\000g\000\040\000s\000n\000a\000k\000e}{appendix.D}% 43
